BINANCE:BTCBUSDPERP-1m-ID:357->07-16 14:28->Se descarta tracking -> No hay alarmas
BINANCE:BTCBUSDPERP-1m-ID:358->07-16 14:29->Se descarta tracking -> No hay alarmas
BINANCE:BTCBUSDPERP-1m-ID:374->07-16 14:30->Se descarta tracking -> No hay alarmas
BINANCE:BTCBUSDPERP-1m-ID:378->07-16 15:26->Se descarta tracking -> No hay alarmas
BINANCE:BTCBUSDPERP-1m-ID:384->07-16 15:27->Se descarta tracking -> No hay alarmas
BINANCE:BTCBUSDPERP-1m-ID:388->07-16 15:28->Se descarta tracking -> No hay alarmas
BINANCE:BTCBUSDPERP-1m-ID:394->07-16 15:29->Se descarta tracking -> No hay alarmas
BINANCE:BTCBUSDPERP-1m-ID:409->07-16 15:30->Se descarta tracking -> No hay alarmas
BINANCE:BTCBUSDPERP-1m-ID:410->07-16 15:31->Se descarta tracking -> No hay alarmas
BINANCE:BTCBUSDPERP-1m-ID:414->07-16 15:32->Se descarta tracking -> No hay alarmas
BINANCE:BTCBUSDPERP-1m-ID:419->07-16 15:33->Se descarta tracking -> No hay alarmas
BINANCE:BTCBUSDPERP-1m-ID:422->07-16 15:34->Se descarta tracking -> No hay alarmas
BINANCE:BTCBUSDPERP-1m-ID:433->07-16 15:35->Se descarta tracking -> No hay alarmas
BINANCE:BTCBUSDPERP-1m-ID:434->07-16 15:36->Se descarta tracking -> No hay alarmas
BINANCE:BTCBUSDPERP-1m-ID:439->07-16 15:37->Se descarta tracking -> No hay alarmas
BINANCE:BTCBUSDPERP-1m-ID:443->07-16 15:38->Se descarta tracking -> No hay alarmas
BINANCE:BTCBUSDPERP-1m-ID:448->07-16 15:39->Se descarta tracking -> No hay alarmas
BINANCE:BTCBUSDPERP-1m-ID:454->07-16 15:40->Se descarta tracking -> No hay alarmas
BINANCE:BTCBUSDPERP-1m-ID:458->07-16 15:41->Se descarta tracking -> No hay alarmas
BINANCE:BTCBUSDPERP-1m-ID:462->07-16 15:42->Se descarta tracking -> No hay alarmas
BINANCE:BTCBUSDPERP-1m-ID:466->07-16 15:43->Se descarta tracking -> No hay alarmas
BINANCE:BTCBUSDPERP-1m-ID:470->07-16 15:44->Se descarta tracking -> No hay alarmas
BINANCE:BTCBUSDPERP-1m-ID:482->07-16 15:45->Se descarta tracking -> No hay alarmas
BINANCE:BTCBUSDPERP-1m-ID:486->07-16 15:46->Se descarta tracking -> No hay alarmas
BINANCE:BTCBUSDPERP-1m-ID:490->07-16 15:47->Se descarta tracking -> No hay alarmas
BINANCE:BTCBUSDPERP-1m-ID:494->07-16 15:48->Se descarta tracking -> No hay alarmas
BINANCE:BTCBUSDPERP-1m-ID:500->07-16 15:49->Se descarta tracking -> No hay alarmas
BINANCE:BTCBUSDPERP-1m-ID:508->07-16 15:50->Se descarta tracking -> No hay alarmas
BINANCE:BTCBUSDPERP-1m-ID:510->07-16 15:51->Se descarta tracking -> No hay alarmas
BINANCE:BTCBUSDPERP-1m-ID:514->07-16 15:52->Se descarta tracking -> No hay alarmas
BINANCE:BTCBUSDPERP-1m-ID:518->07-16 15:53->Se descarta tracking -> No hay alarmas
BINANCE:BTCBUSDPERP-1m-ID:522->07-16 15:54->Se descarta tracking -> No hay alarmas
BINANCE:BTCBUSDPERP-1m-ID:530->07-16 15:55->Se descarta tracking -> No hay alarmas
BINANCE:BTCBUSDPERP-1m-ID:536->07-16 15:56->Se descarta tracking -> No hay alarmas
BINANCE:BTCBUSDPERP-1m-ID:539->07-16 15:57->Se descarta tracking -> No hay alarmas
BINANCE:BTCBUSDPERP-1m-ID:543->07-16 15:58->Se descarta tracking -> No hay alarmas
BINANCE:BTCBUSDPERP-1m-ID:547->07-16 16:45->Se descarta tracking -> No hay alarmas
BINANCE:BTCBUSDPERP-1m-ID:550->07-16 16:46->Se descarta tracking -> No hay alarmas
BINANCE:BTCBUSDPERP-1m-ID:553->07-16 16:47->Se descarta tracking -> No hay alarmas
BINANCE:BTCBUSDPERP-1m-ID:557->07-16 16:48->Se descarta tracking -> No hay alarmas
BINANCE:BTCBUSDPERP-1m-ID:565->07-16 16:49->Se descarta tracking -> No hay alarmas
BINANCE:BTCBUSDPERP-1m-ID:571->07-16 16:50->Se descarta tracking -> No hay alarmas
BINANCE:BTCBUSDPERP-1m-ID:573->07-16 16:51->Se descarta tracking -> No hay alarmas
BINANCE:BTCBUSDPERP-1m-ID:577->07-16 16:52->Se descarta tracking -> No hay alarmas
BINANCE:BTCBUSDPERP-1m-ID:581->07-16 16:53->Se descarta tracking -> No hay alarmas
BINANCE:BTCBUSDPERP-1m-ID:591->07-16 16:54->Se descarta tracking -> No hay alarmas
BINANCE:BTCBUSDPERP-1m-ID:593->07-16 16:55->N:0->ALERT STARTED to Long: por cruce de B Bollinger inferior------------------
BINANCE:BTCBUSDPERP-1m-ID:593->07-16 16:55->N:0->alarms: Banda Bollinger Inferior, Limite RSI 7 Inferior, Suficiente Volume
BINANCE:BTCBUSDPERP-1m-ID:593->07-16 16:55->N:0->Vela:Roja Bajista -data:p_body:-0.3113%, p_total:0.3806%  long:80.5 Body:82.112 L_up:0.0 L_down:17.888 Total:100.0
BINANCE:BTCBUSDPERP-1m-ID:593->07-16 16:55->N:0->data.:.{"close": 21164.7, "open": 21230.8, "high": 21230.8, "low": 21150.3, "volume": 222.792, "BBupper": 21290.32442781, "BBlower": 21194.18557219, "RSI7": 23.89197566, "MACDmacd": 3.5191807, "MACDsignal": 13.52264234, 
BINANCE:BTCBUSDPERP-1m-ID:593->07-16 16:55->N:0->NewData.:.: {"dBBup": 7.3478, "dBBdown": -14.3278, "dRSI7": -19.8559, "smaVolume": 33.096, "Vol/smaVol": 6.73}}
BINANCE:BTCBUSDPERP-1m-ID:597->07-16 16:55- 16:56->N:1->to_do: Esperando gatillo----------------------------------------------------------------------------
BINANCE:BTCBUSDPERP-1m-ID:597->07-16 16:55- 16:56->N:1->Vela:Azul Alcista -data:p_body:0.103%, p_total:0.0884%  long:18.7 Body:116.578 L_up:-61.497 L_down:44.92 Total:100.0
BINANCE:BTCBUSDPERP-1m-ID:597->07-16 16:55- 16:56->N:1->data.:.{"close": 21186.5, "open": 21164.7, "high": 21175, "low": 21156.3, "volume": 36.139, "BBupper": 21298.00017738, "BBlower": 21180.36982262, "RSI7": 27.96723964, "MACDmacd": -2.19360113, "MACDsignal": 10.2249549, 
BINANCE:BTCBUSDPERP-1m-ID:597->07-16 16:55- 16:56->N:1->NewData.:.: {"dBBup": 7.6757, "dBBdown": -13.8157, "dRSI7": 4.0753, "smaVolume": 33.349, "Vol/smaVol": 1.08}}
BINANCE:BTCBUSDPERP-1m-ID:597->07-16 16:55-16:56->N:1->response:{"action": "Long \u2b06\ufe0f", "Omarket": {"pi": "21186.5", "tp": 21298.0, "sl": 21130.75}}
BINANCE:BTCBUSDPERP-1m-ID:601->07-16 16:55- 16:57->N:2->to_do: Long ⬆️----------------------------------------------------------------------------
BINANCE:BTCBUSDPERP-1m-ID:601->07-16 16:55- 16:57->N:2->Vela:Roja Bajista -data:p_body:-0.0363%, p_total:0.0401%  long:8.5 Body:90.588 L_up:0.0 L_down:9.412 Total:100.0
BINANCE:BTCBUSDPERP-1m-ID:601->07-16 16:55- 16:57->N:2->data.:.{"close": 21178.8, "open": 21186.5, "high": 21186.5, "low": 21178, "volume": 11.787, "BBupper": 21299.76045613, "BBlower": 21175.52954387, "RSI7": 31.5694575, "MACDmacd": -4.94057924, "MACDsignal": 7.33862869, 
BINANCE:BTCBUSDPERP-1m-ID:601->07-16 16:55- 16:57->N:2->NewData.:.: {"dBBup": 1.7603, "dBBdown": -4.8403, "dRSI7": 3.6022, "smaVolume": 31.691, "Vol/smaVol": 0.37}}
BINANCE:BTCBUSDPERP-1m-ID:601->07-16 16:55-16:57->N:2->Partial_Result: -0.036% TotalResponse:{"isdead": false, "result": -0.03634389823708837, "pi": 21186.5}
BINANCE:BTCBUSDPERP-1m-ID:605->07-16 16:55- 16:58->N:3->to_do: Long ⬆️----------------------------------------------------------------------------
BINANCE:BTCBUSDPERP-1m-ID:605->07-16 16:55- 16:58->N:3->Vela:Azul Alcista -data:p_body:0.067%, p_total:0.0005%  long:0.1 Body:14200.0 L_up:-14200.0 L_down:100.0 Total:100.0
BINANCE:BTCBUSDPERP-1m-ID:605->07-16 16:55- 16:58->N:3->data.:.{"close": 21193, "open": 21178.8, "high": 21178.8, "low": 21178.7, "volume": 2.09, "BBupper": 21302.34901469, "BBlower": 21169.26098531, "RSI7": 31.76325699, "MACDmacd": -7.64212135, "MACDsignal": 4.35268951, 
BINANCE:BTCBUSDPERP-1m-ID:605->07-16 16:55- 16:58->N:3->NewData.:.: {"dBBup": 2.5886, "dBBdown": -6.2686, "dRSI7": 0.1938, "smaVolume": 29.576, "Vol/smaVol": 0.07}}
BINANCE:BTCBUSDPERP-1m-ID:605->07-16 16:55-16:58->N:3->Partial_Result: 0.031% TotalResponse:{"isdead": false, "result": 0.03067991409624053, "pi": 21186.5}
BINANCE:BTCBUSDPERP-1m-ID:609->07-16 16:55- 16:59->N:4->to_do: Long ⬆️----------------------------------------------------------------------------
BINANCE:BTCBUSDPERP-1m-ID:609->07-16 16:55- 16:59->N:4->Vela:Roja Bajista -data:p_body:-0.0694%, p_total:0.0831%  long:17.6 Body:83.523 L_up:0.0 L_down:16.477 Total:100.0
BINANCE:BTCBUSDPERP-1m-ID:609->07-16 16:55- 16:59->N:4->data.:.{"close": 21178.3, "open": 21193, "high": 21193, "low": 21175.4, "volume": 28.565, "BBupper": 21302.73995018, "BBlower": 21163.53004982, "RSI7": 33.8440643, "MACDmacd": -9.14724236, "MACDsignal": 1.82628718, 
BINANCE:BTCBUSDPERP-1m-ID:609->07-16 16:55- 16:59->N:4->NewData.:.: {"dBBup": 0.3909, "dBBdown": -5.7309, "dRSI7": 2.0808, "smaVolume": 29.509, "Vol/smaVol": 0.97}}
BINANCE:BTCBUSDPERP-1m-ID:609->07-16 16:55-16:59->N:4->Partial_Result: -0.039% TotalResponse:{"isdead": false, "result": -0.03870389162910687, "pi": 21186.5}
BINANCE:BTCBUSDPERP-1m-ID:634->07-16 16:55- 17:00->N:5->to_do: Long ⬆️----------------------------------------------------------------------------
BINANCE:BTCBUSDPERP-1m-ID:634->07-16 16:55- 17:00->N:5->Vela:Azul Alcista -data:p_body:0.1171%, p_total:0.1091%  long:23.1 Body:107.359 L_up:-7.792 L_down:0.433 Total:100.0
BINANCE:BTCBUSDPERP-1m-ID:634->07-16 16:55- 17:00->N:5->data.:.{"close": 21203.1, "open": 21178.3, "high": 21201.3, "low": 21178.2, "volume": 65.202, "BBupper": 21300.28919126, "BBlower": 21160.40080874, "RSI7": 44.93453148, "MACDmacd": -9.12084871, "MACDsignal": -0.3274021, 
BINANCE:BTCBUSDPERP-1m-ID:634->07-16 16:55- 17:00->N:5->NewData.:.: {"dBBup": -2.4508, "dBBdown": -3.1292, "dRSI7": 11.0905, "smaVolume": 31.74, "Vol/smaVol": 2.05}}
BINANCE:BTCBUSDPERP-1m-ID:634->07-16 16:55-17:00->N:5->Partial_Result: 0.078% TotalResponse:{"isdead": false, "result": 0.0783517806150074, "pi": 21186.5}
BINANCE:BTCBUSDPERP-1m-ID:638->07-16 16:55- 17:01->N:6->to_do: Long ⬆️----------------------------------------------------------------------------
BINANCE:BTCBUSDPERP-1m-ID:638->07-16 16:55- 17:01->N:6->Vela:Roja Bajista -data:p_body:-0.2934%, p_total:0.2942%  long:62.2 Body:100.0 L_up:0.0 L_down:0.0 Total:100.0
BINANCE:BTCBUSDPERP-1m-ID:638->07-16 16:55- 17:01->N:6->data.:.{"close": 21140.9, "open": 21203.1, "high": 21203.1, "low": 21140.9, "volume": 55.24, "BBupper": 21302.10389886, "BBlower": 21150.77610114, "RSI7": 33.94145236, "MACDmacd": -11.86634171, "MACDsignal": -2.56881965, 
BINANCE:BTCBUSDPERP-1m-ID:638->07-16 16:55- 17:01->N:6->NewData.:.: {"dBBup": 1.8147, "dBBdown": -9.6247, "dRSI7": -10.9931, "smaVolume": 33.122, "Vol/smaVol": 1.67}}
BINANCE:BTCBUSDPERP-1m-ID:638->07-16 16:55-17:01->N:6->Partial_Result: -0.215% TotalResponse:{"isdead": false, "result": -0.21523139735208055, "pi": 21186.5}
BINANCE:BTCBUSDPERP-1m-ID:644->07-16 17:03->Se descarta tracking -> No hay alarmas
BINANCE:BTCBUSDPERP-1m-ID:649->07-16 17:04->Se descarta tracking -> No hay alarmas
BINANCE:BTCBUSDPERP-1m-ID:654->07-16 17:05->Se descarta tracking -> No hay alarmas
BINANCE:BTCBUSDPERP-1m-ID:657->07-16 17:06->Se descarta tracking -> No hay alarmas
BINANCE:BTCBUSDPERP-1m-ID:661->07-16 17:07->Se descarta tracking -> No hay alarmas
BINANCE:BTCBUSDPERP-1m-ID:668->07-16 17:08->Se descarta tracking -> No hay alarmas
BINANCE:BTCBUSDPERP-1m-ID:669->07-16 17:09->Se descarta tracking -> No hay alarmas
BINANCE:BTCBUSDPERP-1m-ID:677->07-16 17:10->Se descarta tracking -> No hay alarmas
BINANCE:BTCBUSDPERP-1m-ID:681->07-16 17:11->Se descarta tracking -> No hay alarmas
BINANCE:BTCBUSDPERP-1m-ID:685->07-16 17:12->Se descarta tracking -> No hay alarmas
BINANCE:BTCBUSDPERP-1m-ID:689->07-16 17:13->Se descarta tracking -> No hay alarmas
BINANCE:BTCBUSDPERP-1m-ID:693->07-16 17:14->Se descarta tracking -> No hay alarmas
BINANCE:BTCBUSDPERP-1m-ID:705->07-16 17:15->Se descarta tracking -> No hay alarmas
BINANCE:BTCBUSDPERP-1m-ID:709->07-16 17:16->Se descarta tracking -> No hay alarmas
BINANCE:BTCBUSDPERP-1m-ID:713->07-16 17:17->Se descarta tracking -> No hay alarmas
BINANCE:BTCBUSDPERP-1m-ID:718->07-16 17:18->Se descarta tracking -> No hay alarmas
BINANCE:BTCBUSDPERP-1m-ID:727->07-16 17:19->Se descarta tracking -> No hay alarmas
BINANCE:BTCBUSDPERP-1m-ID:731->07-16 17:20->Se descarta tracking -> No hay alarmas
BINANCE:BTCBUSDPERP-1m-ID:733->07-16 17:21->Se descarta tracking -> No hay alarmas
BINANCE:BTCBUSDPERP-1m-ID:736->07-16 18:02->Se descarta tracking -> No hay alarmas
BINANCE:BTCBUSDPERP-1m-ID:740->07-16 18:03->Se descarta tracking -> No hay alarmas
BINANCE:BTCBUSDPERP-1m-ID:746->07-16 18:04->Se descarta tracking -> No hay alarmas
BINANCE:BTCBUSDPERP-1m-ID:752->07-16 18:05->Se descarta tracking -> No hay alarmas
BINANCE:BTCBUSDPERP-1m-ID:756->07-16 18:06->Se descarta tracking -> No hay alarmas
BINANCE:BTCBUSDPERP-1m-ID:760->07-16 18:07->Se descarta tracking -> No hay alarmas
BINANCE:BTCBUSDPERP-1m-ID:764->07-16 18:08->Se descarta tracking -> No hay alarmas
BINANCE:BTCBUSDPERP-1m-ID:768->07-16 18:09->Se descarta tracking -> No hay alarmas
BINANCE:BTCBUSDPERP-1m-ID:776->07-16 18:10->Se descarta tracking -> No hay alarmas
BINANCE:BTCBUSDPERP-1m-ID:782->07-16 18:11->Se descarta tracking -> No hay alarmas
BINANCE:BTCBUSDPERP-1m-ID:784->07-16 18:12->Se descarta tracking -> No hay alarmas
BINANCE:BTCBUSDPERP-1m-ID:789->07-16 18:13->Se descarta tracking -> No hay alarmas
BINANCE:BTCBUSDPERP-1m-ID:794->07-16 18:14->Se descarta tracking -> No hay alarmas
BINANCE:BTCBUSDPERP-1m-ID:806->07-16 18:15->Se descarta tracking -> No hay alarmas
BINANCE:BTCBUSDPERP-1m-ID:807->07-16 18:16->Se descarta tracking -> No hay alarmas
BINANCE:BTCBUSDPERP-1m-ID:811->07-16 18:17->Se descarta tracking -> No hay alarmas
BINANCE:BTCBUSDPERP-1m-ID:815->07-16 18:18->Se descarta tracking -> No hay alarmas
BINANCE:BTCBUSDPERP-1m-ID:821->07-16 18:19->Se descarta tracking -> No hay alarmas
BINANCE:BTCBUSDPERP-1m-ID:827->07-16 18:20->Se descarta tracking -> No hay alarmas
BINANCE:BTCBUSDPERP-1m-ID:830->07-16 18:21->Se descarta tracking -> No hay alarmas
BINANCE:BTCBUSDPERP-1m-ID:836->07-16 18:22->Se descarta tracking -> No hay alarmas
BINANCE:BTCBUSDPERP-1m-ID:838->07-16 18:23->Se descarta tracking -> No hay alarmas
BINANCE:BTCBUSDPERP-1m-ID:842->07-16 18:24->Se descarta tracking -> No hay alarmas
BINANCE:BTCBUSDPERP-1m-ID:851->07-16 18:25->Se descarta tracking -> No hay alarmas
BINANCE:BTCBUSDPERP-1m-ID:854->07-16 18:26->Se descarta tracking -> No hay alarmas
BINANCE:BTCBUSDPERP-1m-ID:861->07-16 18:27->Se descarta tracking -> No hay alarmas
BINANCE:BTCBUSDPERP-1m-ID:863->07-16 18:28->Se descarta tracking -> No hay alarmas
BINANCE:BTCBUSDPERP-1m-ID:866->07-16 18:29->Se descarta tracking -> No hay alarmas
BINANCE:BTCBUSDPERP-1m-ID:882->07-16 18:30->Se descarta tracking -> No hay alarmas
BINANCE:BTCBUSDPERP-1m-ID:886->07-16 18:31->Se descarta tracking -> No hay alarmas
BINANCE:BTCBUSDPERP-1m-ID:889->07-16 18:32->Se descarta tracking -> No hay alarmas
BINANCE:BTCBUSDPERP-1m-ID:895->07-16 18:33->Se descarta tracking -> No hay alarmas
BINANCE:BTCBUSDPERP-1m-ID:897->07-16 18:34->Se descarta tracking -> No hay alarmas
BINANCE:BTCBUSDPERP-1m-ID:904->07-16 18:35->Se descarta tracking -> No hay alarmas
BINANCE:BTCBUSDPERP-1m-ID:909->07-16 18:37->Se descarta tracking -> No hay alarmas
BINANCE:BTCBUSDPERP-1m-ID:912->07-16 18:38->Se descarta tracking -> No hay alarmas
BINANCE:BTCBUSDPERP-1m-ID:918->07-16 18:39->Se descarta tracking -> No hay alarmas
BINANCE:BTCBUSDPERP-1m-ID:925->07-16 18:40->Se descarta tracking -> No hay alarmas
BINANCE:BTCBUSDPERP-1m-ID:930->07-16 18:41->Se descarta tracking -> No hay alarmas
BINANCE:BTCBUSDPERP-1m-ID:932->07-16 18:42->Se descarta tracking -> No hay alarmas
BINANCE:BTCBUSDPERP-1m-ID:936->07-16 18:43->Se descarta tracking -> No hay alarmas
BINANCE:BTCBUSDPERP-1m-ID:939->07-16 18:44->Se descarta tracking -> No hay alarmas
BINANCE:BTCBUSDPERP-1m-ID:952->07-16 18:45->Se descarta tracking -> No hay alarmas
BINANCE:BTCBUSDPERP-1m-ID:958->07-16 18:46->Se descarta tracking -> No hay alarmas
BINANCE:BTCBUSDPERP-1m-ID:959->07-16 18:47->Se descarta tracking -> No hay alarmas
BINANCE:BTCBUSDPERP-1m-ID:963->07-16 18:48->Se descarta tracking -> No hay alarmas
BINANCE:BTCBUSDPERP-1m-ID:967->07-16 18:49->Se descarta tracking -> No hay alarmas
BINANCE:BTCBUSDPERP-1m-ID:976->07-16 18:50->Se descarta tracking -> No hay alarmas
BINANCE:BTCBUSDPERP-1m-ID:980->07-16 18:51->Se descarta tracking -> No hay alarmas
